[1754925175.006] [info] [program] Starting program
[1754925175.006] [info] [program] Terminal output (terminal reset sequence): 38 bytes | \ESC[?1000;1002;1006l\ESC[?2004l\ESC[<u\ESC[?1004l
[1754925177.375] [debug] [program] Terminal setup complete
[1754925177.375] [debug] [program] Creating event source
[1754925177.375] [debug] [program] Forking fibers
[1754925177.375] [debug] [program] Input loop fiber started
[1754925177.375] [debug] [program] Render loop fiber started
[1754925177.375] [debug] [program] Starting render loop
[1754925177.375] [debug] [program] Render requested - immediate (elapsed: 1754925177375.214ms)
[1754925177.375] [debug] [program] Rendering frame
[1754925177.375] [debug] [fiber] Reconciling fiber (was dirty)
[1754925177.375] [info] [fiber] Marking fiber dirty (reason: state_update)
[1754925177.375] [info] [fiber] Render requested (trigger: state_update)
[1754925177.381] [debug] [fiber] Reconciliation completed in 5.75ms
[1754925177.381] [debug] [program] Starting render: width=105 height=36
[1754925177.395] [debug] [renderer] Rendering node at (0.0, 0.0) size (78.0, 124.0)
[1754925177.396] [debug] [renderer] Rendering node at (0.0, 0.0) size (78.0, 1.0)
[1754925177.396] [debug] [renderer] Rendering node at (0.0, 0.0) size (22.0, 1.0)
[1754925177.396] [debug] [renderer] Rendering node at (22.0, 0.0) size (25.0, 1.0)
[1754925177.396] [debug] [renderer] Rendering node at (47.0, 0.0) size (31.0, 1.0)
[1754925177.396] [debug] [renderer] Rendering node at (0.0, 1.0) size (78.0, 122.0)
[1754925177.396] [debug] [renderer] Rendering node at (0.0, 1.0) size (25.0, 122.0)
[1754925177.397] [debug] [renderer] Rendering node at (0.0, 1.0) size (25.0, 20.0)
[1754925177.397] [debug] [renderer] Rendering node at (0.0, 1.0) size (25.0, 1.0)
[1754925177.397] [debug] [renderer] Rendering node at (0.0, 3.0) size (25.0, 1.0)
[1754925177.397] [debug] [renderer] Rendering node at (0.0, 5.0) size (25.0, 16.0)
[1754925177.397] [debug] [renderer] Rendering node at (0.0, 5.0) size (25.0, 1.0)
[1754925177.397] [debug] [renderer] Rendering node at (0.0, 6.0) size (25.0, 1.0)
[1754925177.397] [debug] [renderer] Rendering node at (0.0, 7.0) size (25.0, 1.0)
[1754925177.397] [debug] [renderer] Rendering node at (0.0, 8.0) size (25.0, 1.0)
[1754925177.397] [debug] [renderer] Rendering node at (0.0, 9.0) size (25.0, 1.0)
[1754925177.397] [debug] [renderer] Rendering node at (0.0, 10.0) size (25.0, 1.0)
[1754925177.397] [debug] [renderer] Rendering node at (0.0, 11.0) size (25.0, 1.0)
[1754925177.397] [debug] [renderer] Rendering node at (0.0, 12.0) size (25.0, 1.0)
[1754925177.397] [debug] [renderer] Rendering node at (0.0, 13.0) size (25.0, 1.0)
[1754925177.397] [debug] [renderer] Rendering node at (0.0, 14.0) size (25.0, 1.0)
[1754925177.397] [debug] [renderer] Rendering node at (0.0, 15.0) size (25.0, 1.0)
[1754925177.397] [debug] [renderer] Rendering node at (0.0, 16.0) size (25.0, 1.0)
[1754925177.397] [debug] [renderer] Rendering node at (0.0, 17.0) size (25.0, 1.0)
[1754925177.397] [debug] [renderer] Rendering node at (0.0, 18.0) size (25.0, 1.0)
[1754925177.397] [debug] [renderer] Rendering node at (0.0, 19.0) size (25.0, 1.0)
[1754925177.397] [debug] [renderer] Rendering node at (0.0, 20.0) size (25.0, 1.0)
[1754925177.397] [debug] [renderer] Rendering node at (0.0, 21.0) size (25.0, 102.0)
[1754925177.397] [debug] [renderer] Rendering node at (25.0, 1.0) size (1.0, 122.0)
[1754925177.397] [debug] [renderer] Rendering node at (25.0, 1.0) size (1.0, 1.0)
[1754925177.397] [debug] [renderer] Rendering node at (25.0, 2.0) size (1.0, 121.0)
[1754925177.397] [debug] [renderer] Rendering node at (26.0, 1.0) size (52.0, 122.0)
[1754925177.401] [debug] [renderer] Rendering node at (26.0, 1.0) size (52.0, 122.0)
[1754925177.401] [debug] [renderer] Rendering node at (26.0, 1.0) size (52.0, 122.0)
[1754925177.401] [debug] [renderer] Rendering node at (26.0, 1.0) size (52.0, 122.0)
[1754925177.401] [debug] [renderer] Rendering node at (26.0, 1.0) size (52.0, 1.0)
[1754925177.401] [debug] [renderer] Rendering node at (26.0, 1.0) size (24.0, 1.0)
[1754925177.401] [debug] [renderer] Rendering node at (26.0, 1.0) size (2.0, 1.0)
[1754925177.401] [debug] [renderer] Rendering node at (28.0, 1.0) size (22.0, 1.0)
[1754925177.401] [debug] [renderer] Rendering node at (28.0, 1.0) size (22.0, 1.0)
[1754925177.401] [debug] [renderer] Rendering node at (28.0, 1.0) size (6.0, 1.0)
[1754925177.401] [debug] [renderer] Rendering node at (34.0, 1.0) size (9.0, 1.0)
[1754925177.401] [debug] [renderer] Rendering node at (43.0, 1.0) size (7.0, 1.0)
[1754925177.401] [debug] [renderer] Rendering node at (26.0, 2.0) size (52.0, 1.0)
[1754925177.401] [debug] [renderer] Rendering node at (26.0, 3.0) size (52.0, 3.0)
[1754925177.401] [debug] [renderer] Rendering node at (26.0, 3.0) size (51.0, 3.0)
[1754925177.401] [debug] [renderer] Rendering node at (26.0, 3.0) size (51.0, 1.0)
[1754925177.401] [debug] [renderer] Rendering node at (26.0, 3.0) size (7.0, 1.0)
[1754925177.401] [debug] [renderer] Rendering node at (33.0, 3.0) size (3.0, 1.0)
[1754925177.401] [debug] [renderer] Rendering node at (36.0, 3.0) size (4.0, 1.0)
[1754925177.401] [debug] [renderer] Rendering node at (40.0, 3.0) size (1.0, 1.0)
[1754925177.401] [debug] [renderer] Rendering node at (41.0, 3.0) size (6.0, 1.0)
[1754925177.401] [debug] [renderer] Rendering node at (47.0, 3.0) size (9.0, 1.0)
[1754925177.401] [debug] [renderer] Rendering node at (56.0, 3.0) size (7.0, 1.0)
[1754925177.401] [debug] [renderer] Rendering node at (63.0, 3.0) size (1.0, 1.0)
[1754925177.401] [debug] [renderer] Rendering node at (64.0, 3.0) size (5.0, 1.0)
[1754925177.401] [debug] [renderer] Rendering node at (69.0, 3.0) size (5.0, 1.0)
[1754925177.401] [debug] [renderer] Rendering node at (74.0, 3.0) size (3.0, 1.0)
[1754925177.401] [debug] [renderer] Rendering node at (26.0, 4.0) size (51.0, 1.0)
[1754925177.401] [debug] [renderer] Rendering node at (26.0, 4.0) size (2.0, 1.0)
[1754925177.401] [debug] [renderer] Rendering node at (28.0, 4.0) size (15.0, 1.0)
[1754925177.401] [debug] [renderer] Rendering node at (43.0, 4.0) size (9.0, 1.0)
[1754925177.401] [debug] [renderer] Rendering node at (52.0, 4.0) size (7.0, 1.0)
[1754925177.401] [debug] [renderer] Rendering node at (59.0, 4.0) size (6.0, 1.0)
[1754925177.401] [debug] [renderer] Rendering node at (65.0, 4.0) size (5.0, 1.0)
[1754925177.401] [debug] [renderer] Rendering node at (70.0, 4.0) size (4.0, 1.0)
[1754925177.401] [debug] [renderer] Rendering node at (26.0, 5.0) size (51.0, 1.0)
[1754925177.401] [debug] [renderer] Rendering node at (26.0, 5.0) size (7.0, 1.0)
[1754925177.401] [debug] [renderer] Rendering node at (33.0, 5.0) size (6.0, 1.0)
[1754925177.401] [debug] [renderer] Rendering node at (39.0, 5.0) size (5.0, 1.0)
[1754925177.401] [debug] [renderer] Rendering node at (26.0, 6.0) size (52.0, 1.0)
[1754925177.401] [debug] [renderer] Rendering node at (26.0, 7.0) size (52.0, 1.0)
[1754925177.401] [debug] [renderer] Rendering node at (26.0, 7.0) size (11.0, 1.0)
[1754925177.401] [debug] [renderer] Rendering node at (26.0, 7.0) size (3.0, 1.0)
[1754925177.401] [debug] [renderer] Rendering node at (29.0, 7.0) size (8.0, 1.0)
[1754925177.401] [debug] [renderer] Rendering node at (29.0, 7.0) size (8.0, 1.0)
[1754925177.401] [debug] [renderer] Rendering node at (29.0, 7.0) size (8.0, 1.0)
[1754925177.401] [debug] [renderer] Rendering node at (26.0, 8.0) size (52.0, 1.0)
[1754925177.401] [debug] [renderer] Rendering node at (26.0, 9.0) size (52.0, 2.0)
[1754925177.401] [debug] [renderer] Rendering node at (26.0, 9.0) size (52.0, 2.0)
[1754925177.401] [debug] [renderer] Rendering node at (26.0, 9.0) size (52.0, 1.0)
[1754925177.401] [debug] [renderer] Rendering node at (26.0, 9.0) size (4.0, 1.0)
[1754925177.401] [debug] [renderer] Rendering node at (30.0, 9.0) size (7.0, 1.0)
[1754925177.401] [debug] [renderer] Rendering node at (37.0, 9.0) size (13.0, 1.0)
[1754925177.401] [debug] [renderer] Rendering node at (50.0, 9.0) size (8.0, 1.0)
[1754925177.401] [debug] [renderer] Rendering node at (58.0, 9.0) size (4.0, 1.0)
[1754925177.401] [debug] [renderer] Rendering node at (62.0, 9.0) size (9.0, 1.0)
[1754925177.401] [debug] [renderer] Rendering node at (71.0, 9.0) size (3.0, 1.0)
[1754925177.401] [debug] [renderer] Rendering node at (74.0, 9.0) size (4.0, 1.0)
[1754925177.401] [debug] [renderer] Rendering node at (26.0, 10.0) size (52.0, 1.0)
[1754925177.401] [debug] [renderer] Rendering node at (26.0, 10.0) size (7.0, 1.0)
[1754925177.401] [debug] [renderer] Rendering node at (33.0, 10.0) size (11.0, 1.0)
[1754925177.401] [debug] [renderer] Rendering node at (26.0, 11.0) size (52.0, 1.0)
[1754925177.401] [debug] [renderer] Rendering node at (26.0, 12.0) size (52.0, 4.0)
[1754925177.401] [debug] [renderer] Rendering node at (26.0, 12.0) size (48.0, 4.0)
[1754925177.401] [debug] [renderer] Rendering node at (26.0, 12.0) size (48.0, 1.0)
[1754925177.401] [debug] [renderer] Rendering node at (26.0, 12.0) size (45.0, 1.0)
[1754925177.401] [debug] [renderer] Rendering node at (26.0, 12.0) size (1.0, 1.0)
[1754925177.401] [debug] [renderer] Rendering node at (28.0, 12.0) size (43.0, 1.0)
[1754925177.401] [debug] [renderer] Rendering node at (28.0, 12.0) size (43.0, 1.0)
[1754925177.401] [debug] [renderer] Rendering node at (28.0, 12.0) size (43.0, 1.0)
[1754925177.401] [debug] [renderer] Rendering node at (28.0, 12.0) size (10.0, 1.0)
[1754925177.401] [debug] [renderer] Rendering node at (38.0, 12.0) size (8.0, 1.0)
[1754925177.401] [debug] [renderer] Rendering node at (46.0, 12.0) size (1.0, 1.0)
[1754925177.401] [debug] [renderer] Rendering node at (47.0, 12.0) size (4.0, 1.0)
[1754925177.401] [debug] [renderer] Rendering node at (51.0, 12.0) size (9.0, 1.0)
[1754925177.401] [debug] [renderer] Rendering node at (60.0, 12.0) size (11.0, 1.0)
[1754925177.401] [debug] [renderer] Rendering node at (26.0, 13.0) size (48.0, 1.0)
[1754925177.401] [debug] [renderer] Rendering node at (26.0, 13.0) size (48.0, 1.0)
[1754925177.401] [debug] [renderer] Rendering node at (26.0, 13.0) size (1.0, 1.0)
[1754925177.401] [debug] [renderer] Rendering node at (28.0, 13.0) size (46.0, 1.0)
[1754925177.401] [debug] [renderer] Rendering node at (28.0, 13.0) size (46.0, 1.0)
[1754925177.401] [debug] [renderer] Rendering node at (28.0, 13.0) size (46.0, 1.0)
[1754925177.401] [debug] [renderer] Rendering node at (28.0, 13.0) size (5.0, 1.0)
[1754925177.401] [debug] [renderer] Rendering node at (33.0, 13.0) size (3.0, 1.0)
[1754925177.401] [debug] [renderer] Rendering node at (36.0, 13.0) size (9.0, 1.0)
[1754925177.401] [debug] [renderer] Rendering node at (45.0, 13.0) size (1.0, 1.0)
[1754925177.401] [debug] [renderer] Rendering node at (46.0, 13.0) size (7.0, 1.0)
[1754925177.401] [debug] [renderer] Rendering node at (53.0, 13.0) size (4.0, 1.0)
[1754925177.401] [debug] [renderer] Rendering node at (57.0, 13.0) size (6.0, 1.0)
[1754925177.401] [debug] [renderer] Rendering node at (63.0, 13.0) size (11.0, 1.0)
[1754925177.401] [debug] [renderer] Rendering node at (26.0, 14.0) size (48.0, 1.0)
[1754925177.401] [debug] [renderer] Rendering node at (26.0, 14.0) size (37.0, 1.0)
[1754925177.401] [debug] [renderer] Rendering node at (26.0, 14.0) size (1.0, 1.0)
[1754925177.401] [debug] [renderer] Rendering node at (28.0, 14.0) size (35.0, 1.0)
[1754925177.401] [debug] [renderer] Rendering node at (28.0, 14.0) size (35.0, 1.0)
[1754925177.401] [debug] [renderer] Rendering node at (28.0, 14.0) size (35.0, 1.0)
[1754925177.401] [debug] [renderer] Rendering node at (28.0, 14.0) size (6.0, 1.0)
[1754925177.401] [debug] [renderer] Rendering node at (34.0, 14.0) size (13.0, 1.0)
[1754925177.401] [debug] [renderer] Rendering node at (47.0, 14.0) size (1.0, 1.0)
[1754925177.401] [debug] [renderer] Rendering node at (48.0, 14.0) size (3.0, 1.0)
[1754925177.401] [debug] [renderer] Rendering node at (51.0, 14.0) size (5.0, 1.0)
[1754925177.401] [debug] [renderer] Rendering node at (56.0, 14.0) size (7.0, 1.0)
[1754925177.401] [debug] [renderer] Rendering node at (26.0, 15.0) size (48.0, 1.0)
[1754925177.401] [debug] [renderer] Rendering node at (26.0, 15.0) size (48.0, 1.0)
[1754925177.401] [debug] [renderer] Rendering node at (26.0, 15.0) size (1.0, 1.0)
[1754925177.401] [debug] [renderer] Rendering node at (28.0, 15.0) size (46.0, 1.0)
[1754925177.401] [debug] [renderer] Rendering node at (28.0, 15.0) size (46.0, 1.0)
[1754925177.401] [debug] [renderer] Rendering node at (28.0, 15.0) size (46.0, 1.0)
[1754925177.401] [debug] [renderer] Rendering node at (28.0, 15.0) size (10.0, 1.0)
[1754925177.401] [debug] [renderer] Rendering node at (38.0, 15.0) size (7.0, 1.0)
[1754925177.401] [debug] [renderer] Rendering node at (45.0, 15.0) size (1.0, 1.0)
[1754925177.401] [debug] [renderer] Rendering node at (46.0, 15.0) size (4.0, 1.0)
[1754925177.401] [debug] [renderer] Rendering node at (50.0, 15.0) size (7.0, 1.0)
[1754925177.401] [debug] [renderer] Rendering node at (57.0, 15.0) size (3.0, 1.0)
[1754925177.401] [debug] [renderer] Rendering node at (60.0, 15.0) size (9.0, 1.0)
[1754925177.401] [debug] [renderer] Rendering node at (69.0, 15.0) size (5.0, 1.0)
[1754925177.401] [debug] [renderer] Rendering node at (26.0, 16.0) size (52.0, 1.0)
[1754925177.401] [debug] [renderer] Rendering node at (26.0, 17.0) size (52.0, 1.0)
[1754925177.401] [debug] [renderer] Rendering node at (26.0, 17.0) size (14.0, 1.0)
[1754925177.401] [debug] [renderer] Rendering node at (26.0, 17.0) size (4.0, 1.0)
[1754925177.401] [debug] [renderer] Rendering node at (30.0, 17.0) size (10.0, 1.0)
[1754925177.401] [debug] [renderer] Rendering node at (30.0, 17.0) size (10.0, 1.0)
[1754925177.401] [debug] [renderer] Rendering node at (30.0, 17.0) size (10.0, 1.0)
[1754925177.401] [debug] [renderer] Rendering node at (26.0, 18.0) size (52.0, 1.0)
[1754925177.401] [debug] [renderer] Rendering node at (26.0, 19.0) size (52.0, 1.0)
[1754925177.401] [debug] [renderer] Rendering node at (26.0, 19.0) size (36.0, 1.0)
[1754925177.401] [debug] [renderer] Rendering node at (26.0, 19.0) size (36.0, 1.0)
[1754925177.401] [debug] [renderer] Rendering node at (26.0, 19.0) size (3.0, 1.0)
[1754925177.401] [debug] [renderer] Rendering node at (29.0, 19.0) size (4.0, 1.0)
[1754925177.401] [debug] [renderer] Rendering node at (33.0, 19.0) size (9.0, 1.0)
[1754925177.401] [debug] [renderer] Rendering node at (42.0, 19.0) size (4.0, 1.0)
[1754925177.401] [debug] [renderer] Rendering node at (46.0, 19.0) size (9.0, 1.0)
[1754925177.401] [debug] [renderer] Rendering node at (55.0, 19.0) size (7.0, 1.0)
[1754925177.401] [debug] [renderer] Rendering node at (26.0, 20.0) size (52.0, 1.0)
[1754925177.401] [debug] [renderer] Rendering node at (26.0, 21.0) size (52.0, 6.0)
[1754925177.401] [debug] [renderer] Rendering node at (26.0, 21.0) size (38.0, 6.0)
[1754925177.401] [debug] [renderer] Rendering node at (26.0, 21.0) size (38.0, 1.0)
[1754925177.401] [debug] [renderer] Rendering node at (26.0, 21.0) size (35.0, 1.0)
[1754925177.401] [debug] [renderer] Rendering node at (26.0, 21.0) size (1.0, 1.0)
[1754925177.401] [debug] [renderer] Rendering node at (28.0, 21.0) size (33.0, 1.0)
[1754925177.401] [debug] [renderer] Rendering node at (28.0, 21.0) size (33.0, 1.0)
[1754925177.401] [debug] [renderer] Rendering node at (28.0, 21.0) size (33.0, 1.0)
[1754925177.401] [debug] [renderer] Rendering node at (28.0, 21.0) size (5.0, 1.0)
[1754925177.401] [debug] [renderer] Rendering node at (33.0, 21.0) size (5.0, 1.0)
[1754925177.401] [debug] [renderer] Rendering node at (38.0, 21.0) size (1.0, 1.0)
[1754925177.401] [debug] [renderer] Rendering node at (39.0, 21.0) size (2.0, 1.0)
[1754925177.401] [debug] [renderer] Rendering node at (41.0, 21.0) size (7.0, 1.0)
[1754925177.401] [debug] [renderer] Rendering node at (48.0, 21.0) size (5.0, 1.0)
[1754925177.401] [debug] [renderer] Rendering node at (53.0, 21.0) size (3.0, 1.0)
[1754925177.401] [debug] [renderer] Rendering node at (56.0, 21.0) size (5.0, 1.0)
[1754925177.401] [debug] [renderer] Rendering node at (26.0, 22.0) size (38.0, 1.0)
[1754925177.401] [debug] [renderer] Rendering node at (26.0, 22.0) size (35.0, 1.0)
[1754925177.401] [debug] [renderer] Rendering node at (26.0, 22.0) size (1.0, 1.0)
[1754925177.401] [debug] [renderer] Rendering node at (28.0, 22.0) size (33.0, 1.0)
[1754925177.401] [debug] [renderer] Rendering node at (28.0, 22.0) size (33.0, 1.0)
[1754925177.402] [debug] [renderer] Rendering node at (28.0, 22.0) size (33.0, 1.0)
[1754925177.402] [debug] [renderer] Rendering node at (28.0, 22.0) size (4.0, 1.0)
[1754925177.402] [debug] [renderer] Rendering node at (32.0, 22.0) size (8.0, 1.0)
[1754925177.402] [debug] [renderer] Rendering node at (40.0, 22.0) size (1.0, 1.0)
[1754925177.402] [debug] [renderer] Rendering node at (41.0, 22.0) size (3.0, 1.0)
[1754925177.402] [debug] [renderer] Rendering node at (44.0, 22.0) size (7.0, 1.0)
[1754925177.402] [debug] [renderer] Rendering node at (51.0, 22.0) size (10.0, 1.0)
[1754925177.402] [debug] [renderer] Rendering node at (26.0, 23.0) size (38.0, 1.0)
[1754925177.402] [debug] [renderer] Rendering node at (26.0, 23.0) size (38.0, 1.0)
[1754925177.402] [debug] [renderer] Rendering node at (26.0, 23.0) size (1.0, 1.0)
[1754925177.402] [debug] [renderer] Rendering node at (28.0, 23.0) size (36.0, 1.0)
[1754925177.402] [debug] [renderer] Rendering node at (28.0, 23.0) size (36.0, 1.0)
[1754925177.402] [debug] [renderer] Rendering node at (28.0, 23.0) size (36.0, 1.0)
[1754925177.402] [debug] [renderer] Rendering node at (28.0, 23.0) size (8.0, 1.0)
[1754925177.402] [debug] [renderer] Rendering node at (36.0, 23.0) size (1.0, 1.0)
[1754925177.402] [debug] [renderer] Rendering node at (37.0, 23.0) size (2.0, 1.0)
[1754925177.402] [debug] [renderer] Rendering node at (39.0, 23.0) size (5.0, 1.0)
[1754925177.402] [debug] [renderer] Rendering node at (44.0, 23.0) size (3.0, 1.0)
[1754925177.402] [debug] [renderer] Rendering node at (47.0, 23.0) size (10.0, 1.0)
[1754925177.402] [debug] [renderer] Rendering node at (57.0, 23.0) size (3.0, 1.0)
[1754925177.402] [debug] [renderer] Rendering node at (60.0, 23.0) size (4.0, 1.0)
[1754925177.402] [debug] [renderer] Rendering node at (26.0, 24.0) size (38.0, 1.0)
[1754925177.402] [debug] [renderer] Rendering node at (26.0, 24.0) size (29.0, 1.0)
[1754925177.402] [debug] [renderer] Rendering node at (26.0, 24.0) size (1.0, 1.0)
[1754925177.402] [debug] [renderer] Rendering node at (28.0, 24.0) size (27.0, 1.0)
[1754925177.402] [debug] [renderer] Rendering node at (28.0, 24.0) size (27.0, 1.0)
[1754925177.402] [debug] [renderer] Rendering node at (28.0, 24.0) size (27.0, 1.0)
[1754925177.402] [debug] [renderer] Rendering node at (28.0, 24.0) size (3.0, 1.0)
[1754925177.402] [debug] [renderer] Rendering node at (31.0, 24.0) size (1.0, 1.0)
[1754925177.402] [debug] [renderer] Rendering node at (32.0, 24.0) size (2.0, 1.0)
[1754925177.402] [debug] [renderer] Rendering node at (34.0, 24.0) size (9.0, 1.0)
[1754925177.402] [debug] [renderer] Rendering node at (43.0, 24.0) size (4.0, 1.0)
[1754925177.402] [debug] [renderer] Rendering node at (47.0, 24.0) size (8.0, 1.0)
[1754925177.402] [debug] [renderer] Rendering node at (26.0, 25.0) size (38.0, 1.0)
[1754925177.402] [debug] [renderer] Rendering node at (26.0, 25.0) size (35.0, 1.0)
[1754925177.402] [debug] [renderer] Rendering node at (26.0, 25.0) size (1.0, 1.0)
[1754925177.402] [debug] [renderer] Rendering node at (28.0, 25.0) size (33.0, 1.0)
[1754925177.402] [debug] [renderer] Rendering node at (28.0, 25.0) size (33.0, 1.0)
[1754925177.402] [debug] [renderer] Rendering node at (28.0, 25.0) size (33.0, 1.0)
[1754925177.402] [debug] [renderer] Rendering node at (28.0, 25.0) size (5.0, 1.0)
[1754925177.402] [debug] [renderer] Rendering node at (33.0, 25.0) size (1.0, 1.0)
[1754925177.402] [debug] [renderer] Rendering node at (34.0, 25.0) size (2.0, 1.0)
[1754925177.402] [debug] [renderer] Rendering node at (36.0, 25.0) size (5.0, 1.0)
[1754925177.402] [debug] [renderer] Rendering node at (41.0, 25.0) size (3.0, 1.0)
[1754925177.402] [debug] [renderer] Rendering node at (44.0, 25.0) size (9.0, 1.0)
[1754925177.402] [debug] [renderer] Rendering node at (53.0, 25.0) size (8.0, 1.0)
[1754925177.402] [debug] [renderer] Rendering node at (26.0, 26.0) size (38.0, 1.0)
[1754925177.402] [debug] [renderer] Rendering node at (26.0, 26.0) size (11.0, 1.0)
[1754925177.402] [debug] [renderer] Rendering node at (26.0, 26.0) size (1.0, 1.0)
[1754925177.402] [debug] [renderer] Rendering node at (28.0, 26.0) size (9.0, 1.0)
[1754925177.402] [debug] [renderer] Rendering node at (28.0, 26.0) size (9.0, 1.0)
[1754925177.402] [debug] [renderer] Rendering node at (28.0, 26.0) size (9.0, 1.0)
[1754925177.402] [debug] [renderer] Rendering node at (28.0, 26.0) size (1.0, 1.0)
[1754925177.402] [debug] [renderer] Rendering node at (29.0, 26.0) size (1.0, 1.0)
[1754925177.402] [debug] [renderer] Rendering node at (30.0, 26.0) size (2.0, 1.0)
[1754925177.402] [debug] [renderer] Rendering node at (32.0, 26.0) size (5.0, 1.0)
[1754925177.402] [debug] [renderer] Rendering node at (26.0, 27.0) size (52.0, 1.0)
[1754925177.402] [debug] [renderer] Rendering node at (26.0, 28.0) size (52.0, 1.0)
[1754925177.402] [debug] [renderer] Rendering node at (26.0, 28.0) size (15.0, 1.0)
[1754925177.402] [debug] [renderer] Rendering node at (26.0, 28.0) size (3.0, 1.0)
[1754925177.402] [debug] [renderer] Rendering node at (29.0, 28.0) size (12.0, 1.0)
[1754925177.402] [debug] [renderer] Rendering node at (29.0, 28.0) size (12.0, 1.0)
[1754925177.402] [debug] [renderer] Rendering node at (29.0, 28.0) size (4.0, 1.0)
[1754925177.402] [debug] [renderer] Rendering node at (33.0, 28.0) size (8.0, 1.0)
[1754925177.402] [debug] [renderer] Rendering node at (26.0, 29.0) size (52.0, 1.0)
[1754925177.402] [debug] [renderer] Rendering node at (26.0, 30.0) size (52.0, 1.0)
[1754925177.402] [debug] [renderer] Rendering node at (26.0, 30.0) size (31.0, 1.0)
[1754925177.402] [debug] [renderer] Rendering node at (26.0, 30.0) size (31.0, 1.0)
[1754925177.402] [debug] [renderer] Rendering node at (26.0, 30.0) size (6.0, 1.0)
[1754925177.402] [debug] [renderer] Rendering node at (32.0, 30.0) size (2.0, 1.0)
[1754925177.402] [debug] [renderer] Rendering node at (34.0, 30.0) size (7.0, 1.0)
[1754925177.402] [debug] [renderer] Rendering node at (41.0, 30.0) size (6.0, 1.0)
[1754925177.402] [debug] [renderer] Rendering node at (47.0, 30.0) size (10.0, 1.0)
[1754925177.402] [debug] [renderer] Rendering node at (26.0, 31.0) size (52.0, 1.0)
[1754925177.402] [debug] [renderer] Rendering node at (26.0, 32.0) size (52.0, 8.0)
[1754925177.402] [debug] [renderer] Rendering node at (26.0, 32.0) size (52.0, 1.0)
[1754925177.402] [debug] [renderer] Rendering node at (26.0, 32.0) size (5.0, 1.0)
[1754925177.402] [debug] [renderer] Rendering node at (31.0, 32.0) size (5.0, 1.0)
[1754925177.402] [debug] [renderer] Rendering node at (26.0, 33.0) size (52.0, 6.0)
[1754925177.402] [debug] [renderer] Rendering node at (28.0, 33.0) size (30.0, 6.0)
[1754925177.402] [debug] [renderer] Rendering node at (28.0, 33.0) size (30.0, 1.0)
[1754925177.402] [debug] [renderer] Rendering node at (28.0, 33.0) size (3.0, 1.0)
[1754925177.402] [debug] [renderer] Rendering node at (31.0, 33.0) size (1.0, 1.0)
[1754925177.402] [debug] [renderer] Rendering node at (32.0, 33.0) size (9.0, 1.0)
[1754925177.402] [debug] [renderer] Rendering node at (41.0, 33.0) size (1.0, 1.0)
[1754925177.402] [debug] [renderer] Rendering node at (42.0, 33.0) size (1.0, 1.0)
[1754925177.402] [debug] [renderer] Rendering node at (43.0, 33.0) size (1.0, 1.0)
[1754925177.402] [debug] [renderer] Rendering node at (44.0, 33.0) size (1.0, 1.0)
[1754925177.402] [debug] [renderer] Rendering node at (45.0, 33.0) size (0.0, 1.0)
[1754925177.402] [debug] [renderer] Rendering node at (28.0, 34.0) size (30.0, 1.0)
[1754925177.402] [debug] [renderer] Rendering node at (28.0, 34.0) size (2.0, 1.0)
[1754925177.402] [debug] [renderer] Rendering node at (30.0, 34.0) size (3.0, 1.0)
[1754925177.402] [debug] [renderer] Rendering node at (33.0, 34.0) size (1.0, 1.0)
[1754925177.402] [debug] [renderer] Rendering node at (34.0, 34.0) size (4.0, 1.0)
[1754925177.402] [debug] [renderer] Rendering node at (38.0, 34.0) size (3.0, 1.0)
[1754925177.402] [debug] [renderer] Rendering node at (41.0, 34.0) size (1.0, 1.0)
[1754925177.402] [debug] [renderer] Rendering node at (42.0, 34.0) size (1.0, 1.0)
[1754925177.402] [debug] [renderer] Rendering node at (43.0, 34.0) size (1.0, 1.0)
[1754925177.402] [debug] [renderer] Rendering node at (44.0, 34.0) size (1.0, 1.0)
[1754925177.402] [debug] [renderer] Rendering node at (45.0, 34.0) size (1.0, 1.0)
[1754925177.402] [debug] [renderer] Rendering node at (46.0, 34.0) size (1.0, 1.0)
[1754925177.402] [debug] [renderer] Rendering node at (47.0, 34.0) size (1.0, 1.0)
[1754925177.402] [debug] [renderer] Rendering node at (48.0, 34.0) size (1.0, 1.0)
[1754925177.402] [debug] [renderer] Rendering node at (49.0, 34.0) size (0.0, 1.0)
[1754925177.402] [debug] [renderer] Rendering node at (28.0, 35.0) size (30.0, 1.0)
[1754925177.402] [debug] [renderer] Rendering node at (28.0, 35.0) size (4.0, 1.0)
[1754925177.402] [info] [program] Program started successfully
